<?xml version="1.0" encoding="UTF-8"?>
<!-- Generated by org.testng.reporters.JUnitXMLReporter -->
<testsuite ignored="0" hostname="Milan-PC" failures="0" tests="7" name="testing" time="170.75" errors="0" timestamp="14 Oct 2019 12:27:22 GMT">
  <testcase classname="AdminPage" name="main" time="28.866"/>
  <testcase classname="Changepasswrd" name="main" time="26.649"/>
  <testcase classname="Login" name="main" time="13.967"/>
  <testcase classname="NewWindow" name="main" time="9.869"/>
  <testcase classname="ScrollPage" name="main" time="7.972"/>
  <testcase classname="SignInOut" name="main" time="19.731"/>
  <testcase classname="VerifyText" name="main" time="0.234"/>
</testsuite> <!-- testing -->
