<?xml version="1.0" encoding="UTF-8"?>
<testng-results ignored="0" total="7" passed="7" failed="0" skipped="0">
  <reporter-output>
    <line>
      <![CDATA[Browser open!]]>
    </line>
    <line>
      <![CDATA[Window maximize!]]>
    </line>
    <line>
      <![CDATA[Enter EmailId!]]>
    </line>
    <line>
      <![CDATA[Enter Password!]]>
    </line>
    <line>
      <![CDATA[Click on login button]]>
    </line>
    <line>
      <![CDATA[Verify Home Page!]]>
    </line>
    <line>
      <![CDATA[Scroll window by element!]]>
    </line>
    <line>
      <![CDATA[Click on Edit button on particular link]]>
    </line>
    <line>
      <![CDATA[Click on submit button!]]>
    </line>
    <line>
      <![CDATA[Verify Changes Saved]]>
    </line>
    <line>
      <![CDATA[Browser Open]]>
    </line>
    <line>
      <![CDATA[Browser Maximize]]>
    </line>
    <line>
      <![CDATA[Home page verify!]]>
    </line>
    <line>
      <![CDATA[Login page verify!]]>
    </line>
    <line>
      <![CDATA[Enter EmailId]]>
    </line>
    <line>
      <![CDATA[Enter Password]]>
    </line>
    <line>
      <![CDATA[Scroll to bottom!]]>
    </line>
    <line>
      <![CDATA[Click on login button!]]>
    </line>
    <line>
      <![CDATA[Fetch current date and time!]]>
    </line>
    <line>
      <![CDATA[Logout Sucessfully!]]>
    </line>
    <line>
      <![CDATA[Scroll by element!]]>
    </line>
    <line>
      <![CDATA[Enter email for Reset!]]>
    </line>
    <line>
      <![CDATA[Browser Opened]]>
    </line>
    <line>
      <![CDATA[Home page text verify !]]>
    </line>
    <line>
      <![CDATA[Enter EmailId Sucessfully! ]]>
    </line>
    <line>
      <![CDATA[Browser Opened]]>
    </line>
    <line>
      <![CDATA[Click on next button]]>
    </line>
    <line>
      <![CDATA[Enter Password sucessfully]]>
    </line>
    <line>
      <![CDATA[Browser Opened]]>
    </line>
    <line>
      <![CDATA[Enter on Login button!]]>
    </line>
    <line>
      <![CDATA[After login text verify !]]>
    </line>
    <line>
      <![CDATA[Browser closed]]>
    </line>
    <line>
      <![CDATA[Browser Opened]]>
    </line>
    <line>
      <![CDATA[Window maximize]]>
    </line>
    <line>
      <![CDATA[Verify homepage text verify!]]>
    </line>
    <line>
      <![CDATA[Verify signup page text!]]>
    </line>
    <line>
      <![CDATA[Fillup data into form!!]]>
    </line>
    <line>
      <![CDATA[Registration Sucessfully done]]>
    </line>
    <line>
      <![CDATA[Browser close]]>
    </line>
    <line>
      <![CDATA[Browser open]]>
    </line>
    <line>
      <![CDATA[Window maximize]]>
    </line>
    <line>
      <![CDATA[Text verify home page]]>
    </line>
    <line>
      <![CDATA[Scroll to bottom!]]>
    </line>
    <line>
      <![CDATA[Fill up the records!]]>
    </line>
    <line>
      <![CDATA[Click on signup button]]>
    </line>
    <line>
      <![CDATA[Browser close]]>
    </line>
    <line>
      <![CDATA[Browser open]]>
    </line>
    <line>
      <![CDATA[Window Maximize]]>
    </line>
    <line>
      <![CDATA[Verify text on home page.]]>
    </line>
    <line>
      <![CDATA[Entered emailid !]]>
    </line>
    <line>
      <![CDATA[Click on next button!]]>
    </line>
    <line>
      <![CDATA[Entered Password!]]>
    </line>
    <line>
      <![CDATA[Click on signIn button]]>
    </line>
    <line>
      <![CDATA[Login sucessfully!!!!! Verify text after login..]]>
    </line>
    <line>
      <![CDATA[Logout Sucessfully]]>
    </line>
    <line>
      <![CDATA[Browser closed]]>
    </line>
    <line>
      <![CDATA[Browser Open]]>
    </line>
    <line>
      <![CDATA[Window maximize]]>
    </line>
    <line>
      <![CDATA[Verify Text Is equal to!]]>
    </line>
    <line>
      <![CDATA[Verify text is not equal to!]]>
    </line>
    <line>
      <![CDATA[Verify text is equal to & Ignore case]]>
    </line>
    <line>
      <![CDATA[Browser Close]]>
    </line>
  </reporter-output>
  <suite started-at="2019-10-14T12:24:32Z" name="Default Suite" finished-at="2019-10-14T12:27:22Z" duration-ms="170750">
    <groups>
    </groups>
    <test started-at="2019-10-14T12:24:32Z" name="testing" finished-at="2019-10-14T12:27:22Z" duration-ms="170750">
      <class name="AdminPage">
        <test-method is-config="true" signature="startup()[pri:0, instance:AdminPage@21b2e768]" started-at="2019-10-14T12:24:32Z" name="startup" finished-at="2019-10-14T12:24:39Z" duration-ms="7886" status="PASS">
          <reporter-output>
            <line>
              <![CDATA[Browser open!]]>
            </line>
            <line>
              <![CDATA[Window maximize!]]>
            </line>
          </reporter-output>
        </test-method> <!-- startup -->
        <test-method signature="main()[pri:0, instance:AdminPage@21b2e768]" started-at="2019-10-14T12:24:39Z" name="main" finished-at="2019-10-14T12:25:08Z" duration-ms="28866" status="PASS">
          <reporter-output>
            <line>
              <![CDATA[Enter EmailId!]]>
            </line>
            <line>
              <![CDATA[Enter Password!]]>
            </line>
            <line>
              <![CDATA[Click on login button]]>
            </line>
            <line>
              <![CDATA[Verify Home Page!]]>
            </line>
            <line>
              <![CDATA[Scroll window by element!]]>
            </line>
            <line>
              <![CDATA[Click on Edit button on particular link]]>
            </line>
            <line>
              <![CDATA[Click on submit button!]]>
            </line>
            <line>
              <![CDATA[Verify Changes Saved]]>
            </line>
          </reporter-output>
        </test-method> <!-- main -->
        <test-method is-config="true" signature="end()[pri:0, instance:AdminPage@21b2e768]" started-at="2019-10-14T12:25:08Z" name="end" finished-at="2019-10-14T12:25:10Z" duration-ms="1450" status="PASS">
          <reporter-output>
          </reporter-output>
        </test-method> <!-- end -->
      </class> <!-- AdminPage -->
      <class name="NewWindow">
        <test-method is-config="true" signature="startup()[pri:0, instance:NewWindow@2118cddf]" started-at="2019-10-14T12:26:06Z" name="startup" finished-at="2019-10-14T12:26:16Z" duration-ms="9976" status="PASS">
          <reporter-output>
            <line>
              <![CDATA[Browser Opened]]>
            </line>
            <line>
              <![CDATA[Window maximize]]>
            </line>
          </reporter-output>
        </test-method> <!-- startup -->
        <test-method signature="main()[pri:0, instance:NewWindow@2118cddf]" started-at="2019-10-14T12:26:16Z" name="main" finished-at="2019-10-14T12:26:26Z" duration-ms="9869" status="PASS">
          <reporter-output>
            <line>
              <![CDATA[Verify homepage text verify!]]>
            </line>
            <line>
              <![CDATA[Verify signup page text!]]>
            </line>
            <line>
              <![CDATA[Fillup data into form!!]]>
            </line>
            <line>
              <![CDATA[Registration Sucessfully done]]>
            </line>
          </reporter-output>
        </test-method> <!-- main -->
        <test-method is-config="true" signature="end()[pri:0, instance:NewWindow@2118cddf]" started-at="2019-10-14T12:26:26Z" name="end" finished-at="2019-10-14T12:26:26Z" duration-ms="243" status="PASS">
          <reporter-output>
            <line>
              <![CDATA[Browser close]]>
            </line>
          </reporter-output>
        </test-method> <!-- end -->
      </class> <!-- NewWindow -->
      <class name="SignInOut">
        <test-method is-config="true" signature="startup()[pri:0, instance:SignInOut@68567e20]" started-at="2019-10-14T12:26:44Z" name="startup" finished-at="2019-10-14T12:26:51Z" duration-ms="6368" status="PASS">
          <reporter-output>
            <line>
              <![CDATA[Browser open]]>
            </line>
            <line>
              <![CDATA[Window Maximize]]>
            </line>
          </reporter-output>
        </test-method> <!-- startup -->
        <test-method signature="main()[pri:0, instance:SignInOut@68567e20]" started-at="2019-10-14T12:26:51Z" name="main" finished-at="2019-10-14T12:27:10Z" duration-ms="19731" status="PASS">
          <reporter-output>
            <line>
              <![CDATA[Verify text on home page.]]>
            </line>
            <line>
              <![CDATA[Entered emailid !]]>
            </line>
            <line>
              <![CDATA[Click on next button!]]>
            </line>
            <line>
              <![CDATA[Entered Password!]]>
            </line>
            <line>
              <![CDATA[Click on signIn button]]>
            </line>
            <line>
              <![CDATA[Login sucessfully!!!!! Verify text after login..]]>
            </line>
            <line>
              <![CDATA[Logout Sucessfully]]>
            </line>
          </reporter-output>
        </test-method> <!-- main -->
        <test-method is-config="true" signature="end()[pri:0, instance:SignInOut@68567e20]" started-at="2019-10-14T12:27:10Z" name="end" finished-at="2019-10-14T12:27:12Z" duration-ms="2163" status="PASS">
          <reporter-output>
            <line>
              <![CDATA[Browser closed]]>
            </line>
          </reporter-output>
        </test-method> <!-- end -->
      </class> <!-- SignInOut -->
      <class name="VerifyText">
        <test-method is-config="true" signature="startup()[pri:0, instance:VerifyText@76ed1b7c]" started-at="2019-10-14T12:27:12Z" name="startup" finished-at="2019-10-14T12:27:22Z" duration-ms="9485" status="PASS">
          <reporter-output>
            <line>
              <![CDATA[Browser Open]]>
            </line>
            <line>
              <![CDATA[Window maximize]]>
            </line>
          </reporter-output>
        </test-method> <!-- startup -->
        <test-method signature="main()[pri:0, instance:VerifyText@76ed1b7c]" started-at="2019-10-14T12:27:22Z" name="main" finished-at="2019-10-14T12:27:22Z" duration-ms="234" status="PASS">
          <reporter-output>
            <line>
              <![CDATA[Verify Text Is equal to!]]>
            </line>
            <line>
              <![CDATA[Verify text is not equal to!]]>
            </line>
            <line>
              <![CDATA[Verify text is equal to & Ignore case]]>
            </line>
          </reporter-output>
        </test-method> <!-- main -->
        <test-method is-config="true" signature="end()[pri:0, instance:VerifyText@76ed1b7c]" started-at="2019-10-14T12:27:22Z" name="end" finished-at="2019-10-14T12:27:22Z" duration-ms="153" status="PASS">
          <reporter-output>
            <line>
              <![CDATA[Browser Close]]>
            </line>
          </reporter-output>
        </test-method> <!-- end -->
      </class> <!-- VerifyText -->
      <class name="Login">
        <test-method is-config="true" signature="startup()[pri:0, instance:Login@5609159b]" started-at="2019-10-14T12:25:45Z" name="startup" finished-at="2019-10-14T12:25:52Z" duration-ms="6672" status="PASS">
          <reporter-output>
            <line>
              <![CDATA[Browser Opened]]>
            </line>
          </reporter-output>
        </test-method> <!-- startup -->
        <test-method signature="main()[pri:0, instance:Login@5609159b]" started-at="2019-10-14T12:25:52Z" name="main" finished-at="2019-10-14T12:26:06Z" duration-ms="13967" status="PASS">
          <reporter-output>
            <line>
              <![CDATA[Home page text verify !]]>
            </line>
            <line>
              <![CDATA[Enter EmailId Sucessfully! ]]>
            </line>
            <line>
              <![CDATA[Browser Opened]]>
            </line>
            <line>
              <![CDATA[Click on next button]]>
            </line>
            <line>
              <![CDATA[Enter Password sucessfully]]>
            </line>
            <line>
              <![CDATA[Browser Opened]]>
            </line>
            <line>
              <![CDATA[Enter on Login button!]]>
            </line>
            <line>
              <![CDATA[After login text verify !]]>
            </line>
          </reporter-output>
        </test-method> <!-- main -->
        <test-method is-config="true" signature="end()[pri:0, instance:Login@5609159b]" started-at="2019-10-14T12:26:06Z" name="end" finished-at="2019-10-14T12:26:06Z" duration-ms="347" status="PASS">
          <reporter-output>
            <line>
              <![CDATA[Browser closed]]>
            </line>
          </reporter-output>
        </test-method> <!-- end -->
      </class> <!-- Login -->
      <class name="Changepasswrd">
        <test-method is-config="true" signature="startup()[pri:0, instance:Changepasswrd@57250572]" started-at="2019-10-14T12:25:10Z" name="startup" finished-at="2019-10-14T12:25:18Z" duration-ms="8700" status="PASS">
          <reporter-output>
            <line>
              <![CDATA[Browser Open]]>
            </line>
            <line>
              <![CDATA[Browser Maximize]]>
            </line>
          </reporter-output>
        </test-method> <!-- startup -->
        <test-method signature="main()[pri:0, instance:Changepasswrd@57250572]" started-at="2019-10-14T12:25:18Z" name="main" finished-at="2019-10-14T12:25:45Z" duration-ms="26649" status="PASS">
          <reporter-output>
            <line>
              <![CDATA[Home page verify!]]>
            </line>
            <line>
              <![CDATA[Login page verify!]]>
            </line>
            <line>
              <![CDATA[Enter EmailId]]>
            </line>
            <line>
              <![CDATA[Enter Password]]>
            </line>
            <line>
              <![CDATA[Scroll to bottom!]]>
            </line>
            <line>
              <![CDATA[Click on login button!]]>
            </line>
            <line>
              <![CDATA[Fetch current date and time!]]>
            </line>
            <line>
              <![CDATA[Logout Sucessfully!]]>
            </line>
            <line>
              <![CDATA[Scroll by element!]]>
            </line>
            <line>
              <![CDATA[Enter email for Reset!]]>
            </line>
          </reporter-output>
        </test-method> <!-- main -->
        <test-method is-config="true" signature="end()[pri:0, instance:Changepasswrd@57250572]" started-at="2019-10-14T12:25:45Z" name="end" finished-at="2019-10-14T12:25:45Z" duration-ms="147" status="PASS">
          <reporter-output>
          </reporter-output>
        </test-method> <!-- end -->
      </class> <!-- Changepasswrd -->
      <class name="ScrollPage">
        <test-method is-config="true" signature="startup()[pri:0, instance:ScrollPage@17a7f733]" started-at="2019-10-14T12:26:26Z" name="startup" finished-at="2019-10-14T12:26:36Z" duration-ms="9477" status="PASS">
          <reporter-output>
            <line>
              <![CDATA[Browser open]]>
            </line>
            <line>
              <![CDATA[Window maximize]]>
            </line>
          </reporter-output>
        </test-method> <!-- startup -->
        <test-method signature="main()[pri:0, instance:ScrollPage@17a7f733]" started-at="2019-10-14T12:26:36Z" name="main" finished-at="2019-10-14T12:26:44Z" duration-ms="7972" status="PASS">
          <reporter-output>
            <line>
              <![CDATA[Text verify home page]]>
            </line>
            <line>
              <![CDATA[Scroll to bottom!]]>
            </line>
            <line>
              <![CDATA[Fill up the records!]]>
            </line>
            <line>
              <![CDATA[Click on signup button]]>
            </line>
          </reporter-output>
        </test-method> <!-- main -->
        <test-method is-config="true" signature="end()[pri:0, instance:ScrollPage@17a7f733]" started-at="2019-10-14T12:26:44Z" name="end" finished-at="2019-10-14T12:26:44Z" duration-ms="354" status="PASS">
          <reporter-output>
            <line>
              <![CDATA[Browser close]]>
            </line>
          </reporter-output>
        </test-method> <!-- end -->
      </class> <!-- ScrollPage -->
    </test> <!-- testing -->
  </suite> <!-- Default Suite -->
</testng-results>
